TN:
SF:/home/phtrivier/perso/prj/wirth/assembler/src/assembler_test.rs
FN:12,{{closure}}
FN:20,{{closure}}
FN:30,{{closure}}
FN:40,{{closure}}
FN:72,{{closure}}
FN:184,{{closure}}
FNF:6
FNDA:3,{{closure}}
FNDA:3,{{closure}}
FNDA:3,{{closure}}
FNDA:3,{{closure}}
FNDA:3,{{closure}}
FNDA:3,{{closure}}
DA:12,3
DA:13,1
DA:14,1
DA:15,1
DA:16,1
DA:20,3
DA:21,1
DA:22,1
DA:23,1
DA:24,1
DA:25,1
DA:30,3
DA:31,1
DA:32,1
DA:33,1
DA:34,1
DA:35,1
DA:40,3
DA:41,1
DA:42,1
DA:43,1
DA:44,1
DA:45,1
DA:46,1
DA:47,1
DA:48,1
DA:50,1
DA:57,1
DA:60,1
DA:67,1
DA:72,3
DA:73,1
DA:76,1
DA:85,1
DA:92,1
DA:95,1
DA:104,1
DA:113,1
DA:122,1
DA:131,1
DA:139,1
DA:147,1
DA:155,1
DA:163,1
DA:170,2
DA:171,1
DA:172,1
DA:173,1
DA:174,1
DA:176,1
DA:177,1
DA:178,1
DA:179,2
DA:184,3
DA:185,1
DA:186,1
DA:200,1
DA:201,1
DA:202,1
DA:203,1
DA:204,1
DA:206,1
DA:215,1
LF:63
LH:63
end_of_record
TN:
SF:/home/phtrivier/perso/prj/wirth/assembler/src/lib.rs
FNF:0
DA:80,5
DA:81,6
DA:84,6
DA:86,5
DA:92,3
DA:94,2
DA:95,5
DA:96,3
DA:98,2
DA:99,0
DA:101,3
DA:102,3
DA:103,7
DA:104,4
DA:107,2
DA:112,8
DA:113,3
DA:114,3
DA:116,3
DA:117,0
DA:118,0
DA:119,0
DA:123,4
DA:127,4
DA:128,6
DA:130,6
DA:131,2
DA:132,4
DA:133,5
DA:136,10
DA:137,6
DA:138,6
DA:140,0
DA:143,5
DA:144,4
DA:146,5
DA:147,5
DA:148,9
DA:149,5
DA:150,4
DA:154,0
DA:157,4
DA:158,4
DA:159,5
DA:160,5
DA:161,4
DA:162,5
DA:163,5
DA:164,3
DA:168,4
DA:169,15
DA:170,5
DA:174,0
DA:177,7
DA:178,7
DA:179,7
DA:180,15
DA:181,1
DA:183,21
DA:184,7
DA:187,9
DA:188,2
DA:190,9
DA:191,3
DA:197,5
DA:198,8
DA:199,3
DA:200,0
DA:202,3
DA:203,6
DA:204,3
DA:206,3
DA:210,2
DA:211,7
DA:212,3
DA:214,12
DA:215,4
DA:219,0
DA:222,7
DA:223,7
DA:224,7
DA:225,12
DA:226,7
DA:229,0
DA:232,3
DA:233,4
DA:234,7
DA:235,6
DA:236,2
DA:239,3
DA:242,3
DA:243,3
DA:244,3
DA:245,9
DA:246,5
DA:249,0
DA:252,7
DA:253,7
DA:254,14
DA:255,8
DA:256,1
DA:259,7
DA:263,7
DA:264,7
DA:265,7
DA:266,7
DA:267,7
DA:268,7
DA:269,7
DA:273,7
DA:276,7
DA:277,9
DA:278,2
DA:280,5
DA:283,4
DA:284,8
DA:285,4
DA:286,4
DA:287,4
DA:289,4
DA:293,3
DA:294,1
DA:296,1
DA:299,0
DA:300,0
DA:303,7
DA:304,17
DA:305,14
DA:306,4
DA:307,5
DA:308,5
DA:309,5
DA:310,5
DA:311,5
DA:312,5
DA:313,8
DA:314,5
DA:315,4
DA:316,4
DA:317,4
DA:318,3
DA:322,2
DA:323,10
DA:325,4
DA:326,8
DA:327,3
DA:328,4
DA:329,6
DA:330,1
DA:331,2
DA:332,1
DA:333,1
DA:335,1
DA:336,2
DA:337,1
DA:338,1
DA:339,1
DA:340,1
DA:341,1
DA:342,1
DA:343,2
DA:344,0
LF:162
LH:148
end_of_record
TN:
SF:/home/phtrivier/perso/prj/wirth/cli-compiler/src/main.rs
FN:12,main
FNF:1
FNDA:0,main
DA:12,0
DA:14,0
DA:16,0
DA:17,0
DA:19,0
DA:20,0
DA:21,0
DA:23,0
DA:25,0
DA:27,0
DA:29,0
DA:30,0
DA:31,0
DA:34,0
DA:36,0
DA:37,0
DA:39,0
LF:17
LH:0
end_of_record
TN:
SF:/home/phtrivier/perso/prj/wirth/cli-risc/src/examples_tests.rs
FN:7,{{closure}}
FN:17,{{closure}}
FN:31,{{closure}}
FNF:3
FNDA:3,{{closure}}
FNDA:3,{{closure}}
FNDA:3,{{closure}}
DA:7,3
DA:8,1
DA:9,1
DA:10,1
DA:11,1
DA:12,1
DA:13,1
DA:17,3
DA:18,1
DA:19,1
DA:20,1
DA:21,1
DA:22,1
DA:23,1
DA:24,1
DA:25,1
DA:26,1
DA:27,1
DA:31,3
DA:32,1
DA:33,1
DA:34,1
DA:35,1
DA:36,1
DA:37,1
DA:39,1
DA:40,1
LF:27
LH:27
end_of_record
TN:
SF:/home/phtrivier/perso/prj/wirth/cli-risc/src/main.rs
FN:11,load_assembly_file
FN:29,load_binary_file
FN:33,{{closure}}
FN:80,main
FNF:4
FNDA:1,load_assembly_file
FNDA:0,load_binary_file
FNDA:0,{{closure}}
FNDA:0,main
DA:11,1
DA:13,1
DA:16,1
DA:17,2
DA:18,6
DA:19,6
DA:23,3
DA:24,3
DA:29,0
DA:31,0
DA:32,0
DA:33,0
DA:34,0
DA:35,0
DA:37,0
DA:38,0
DA:41,0
DA:80,0
DA:81,0
DA:88,0
DA:89,0
DA:91,0
DA:94,0
DA:95,0
DA:96,0
DA:97,0
DA:100,0
DA:101,0
DA:102,0
DA:103,0
DA:106,0
DA:107,0
DA:108,0
DA:109,0
DA:110,0
DA:111,0
DA:113,0
DA:114,0
DA:116,0
LF:39
LH:8
end_of_record
TN:
SF:/home/phtrivier/perso/prj/wirth/codegen/src/lib.rs
FN:91,{{closure}}
FN:99,{{closure}}
FN:115,{{closure}}
FN:133,{{closure}}
FNF:4
FNDA:3,{{closure}}
FNDA:3,{{closure}}
FNDA:3,{{closure}}
FNDA:3,{{closure}}
DA:14,2
DA:16,2
DA:21,1
DA:22,1
DA:23,1
DA:24,1
DA:25,6
DA:26,2
DA:27,2
DA:28,0
DA:29,1
DA:30,0
DA:31,1
DA:33,1
DA:38,1
DA:39,3
DA:40,0
DA:41,2
DA:42,0
DA:43,0
DA:45,2
DA:49,0
DA:50,3
DA:51,2
DA:52,1
DA:53,1
DA:54,0
DA:56,1
DA:61,2
DA:62,4
DA:63,0
DA:64,2
DA:65,0
DA:66,2
DA:71,0
DA:72,1
DA:73,2
DA:91,3
DA:92,1
DA:93,1
DA:94,1
DA:95,1
DA:99,3
DA:100,1
DA:101,1
DA:102,1
DA:103,1
DA:105,1
DA:107,1
DA:109,2
DA:110,1
DA:115,3
DA:116,1
DA:117,1
DA:118,1
DA:119,1
DA:120,1
DA:121,1
DA:123,1
DA:124,1
DA:126,2
DA:127,1
DA:128,1
DA:133,3
DA:134,1
DA:135,1
DA:136,1
DA:137,1
DA:138,1
DA:139,1
DA:141,1
DA:142,1
DA:144,2
DA:145,1
DA:146,1
DA:147,1
DA:148,1
LF:77
LH:67
end_of_record
TN:
SF:/home/phtrivier/perso/prj/wirth/gui-risc/src/main.rs
FN:7,main
FNF:1
FNDA:0,main
DA:7,0
DA:8,0
DA:15,0
DA:16,0
DA:18,0
DA:23,0
DA:29,0
DA:31,0
DA:46,0
DA:49,0
DA:50,0
DA:51,0
DA:53,0
DA:54,0
DA:56,0
DA:58,0
DA:61,0
DA:64,0
DA:67,0
DA:69,0
DA:70,0
DA:71,0
DA:72,0
DA:74,0
DA:75,0
DA:77,0
DA:78,0
LF:27
LH:0
end_of_record
TN:
SF:/home/phtrivier/perso/prj/wirth/risc/src/computer.rs
FN:22,new
FN:32,load_instructions
FN:38,dump_regs
FN:44,dump_mem
FN:52,execute
FN:99,execute_instruction
FN:110,execute_register
FN:159,execute_memory
FN:185,execute_branch
FN:194,execute_branch_offset
FN:204,matches_cond
FN:219,update_flags
FNF:12
FNDA:9,new
FNDA:4,load_instructions
FNDA:0,dump_regs
FNDA:0,dump_mem
FNDA:2,execute
FNDA:9,execute_instruction
FNDA:7,execute_register
FNDA:3,execute_memory
FNDA:3,execute_branch
FNDA:4,execute_branch_offset
FNDA:4,matches_cond
FNDA:4,update_flags
DA:22,9
DA:24,9
DA:25,9
DA:32,4
DA:33,8
DA:34,4
DA:38,0
DA:39,0
DA:40,0
DA:44,0
DA:45,0
DA:46,0
DA:47,0
DA:48,0
DA:52,2
DA:53,2
DA:55,2
DA:57,4
DA:58,7
DA:59,8
DA:63,4
DA:67,4
DA:69,9
DA:70,8
DA:74,4
DA:76,9
DA:77,8
DA:80,4
DA:82,4
DA:83,7
DA:84,6
DA:86,0
DA:89,4
DA:90,0
DA:91,0
DA:93,0
DA:95,8
DA:99,9
DA:100,0
DA:101,14
DA:102,4
DA:103,3
DA:104,3
DA:105,4
DA:110,7
DA:111,18
DA:112,7
DA:113,4
DA:115,0
DA:116,1
DA:118,0
DA:119,1
DA:121,0
DA:122,3
DA:123,2
DA:125,2
DA:128,0
DA:129,1
DA:131,0
DA:132,1
DA:134,0
DA:135,1
DA:137,0
DA:138,1
DA:140,0
DA:141,2
DA:143,0
DA:144,2
DA:146,0
DA:147,2
DA:149,0
DA:150,2
DA:152,0
DA:153,4
DA:156,7
DA:159,3
DA:160,2
DA:161,3
DA:162,2
DA:163,2
DA:164,0
DA:166,2
DA:167,0
DA:169,4
DA:170,2
DA:172,0
DA:173,6
DA:174,3
DA:175,0
DA:177,3
DA:178,0
DA:180,6
DA:185,3
DA:186,3
DA:187,4
DA:188,1
DA:190,3
DA:194,4
DA:195,8
DA:196,4
DA:197,1
DA:200,3
DA:204,4
DA:205,14
DA:206,6
DA:207,4
DA:208,1
DA:209,2
DA:210,3
DA:211,1
DA:212,1
DA:213,1
DA:214,1
DA:215,1
DA:219,4
DA:220,4
DA:221,4
LF:117
LH:87
end_of_record
TN:
SF:/home/phtrivier/perso/prj/wirth/risc/src/computer_test.rs
FN:10,exec
FN:15,{{closure}}
FN:38,{{closure}}
FN:52,{{closure}}
FN:77,{{closure}}
FN:97,{{closure}}
FN:122,{{closure}}
FN:154,{{closure}}
FN:188,{{closure}}
FN:223,{{closure}}
FN:272,{{closure}}
FN:303,{{closure}}
FNF:12
FNDA:5,exec
FNDA:3,{{closure}}
FNDA:3,{{closure}}
FNDA:3,{{closure}}
FNDA:3,{{closure}}
FNDA:3,{{closure}}
FNDA:3,{{closure}}
FNDA:3,{{closure}}
FNDA:3,{{closure}}
FNDA:3,{{closure}}
FNDA:3,{{closure}}
FNDA:3,{{closure}}
DA:10,5
DA:11,5
DA:15,3
DA:16,1
DA:17,1
DA:18,1
DA:19,1
DA:22,1
DA:23,1
DA:24,1
DA:25,1
DA:26,1
DA:27,1
DA:28,1
DA:29,1
DA:31,1
DA:32,1
DA:33,1
DA:34,1
DA:38,3
DA:39,1
DA:40,1
DA:41,1
DA:42,1
DA:44,1
DA:45,1
DA:47,1
DA:48,1
DA:52,3
DA:53,1
DA:54,1
DA:55,1
DA:56,1
DA:58,1
DA:59,1
DA:61,1
DA:62,1
DA:63,1
DA:65,1
DA:67,1
DA:68,1
DA:70,1
DA:72,1
DA:73,1
DA:77,3
DA:78,1
DA:79,1
DA:80,1
DA:81,1
DA:83,1
DA:84,1
DA:86,1
DA:87,1
DA:88,1
DA:90,1
DA:91,1
DA:93,1
DA:94,1
DA:97,3
DA:98,1
DA:99,1
DA:100,1
DA:101,1
DA:103,1
DA:104,1
DA:107,1
DA:108,1
DA:111,1
DA:112,1
DA:115,1
DA:116,1
DA:122,3
DA:123,1
DA:124,1
DA:125,1
DA:126,1
DA:128,1
DA:129,1
DA:132,1
DA:133,1
DA:136,1
DA:137,1
DA:140,1
DA:141,1
DA:143,1
DA:144,1
DA:147,1
DA:148,1
DA:154,3
DA:155,1
DA:156,1
DA:157,1
DA:159,1
DA:164,1
DA:171,1
DA:172,1
DA:173,1
DA:177,1
DA:184,1
DA:188,3
DA:189,1
DA:190,1
DA:191,1
DA:192,1
DA:196,1
DA:199,1
DA:200,1
DA:201,1
DA:202,1
DA:205,1
DA:206,1
DA:207,1
DA:210,1
DA:211,1
DA:212,1
DA:215,1
DA:216,1
DA:217,1
DA:223,3
DA:224,1
DA:225,1
DA:226,1
DA:227,1
DA:228,1
DA:229,1
DA:230,1
DA:231,1
DA:232,1
DA:233,1
DA:234,1
DA:235,1
DA:236,1
DA:237,1
DA:238,1
DA:240,1
DA:241,1
DA:242,1
DA:243,1
DA:244,1
DA:245,1
DA:246,1
DA:247,1
DA:248,1
DA:249,1
DA:250,1
DA:251,1
DA:252,1
DA:253,1
DA:255,1
DA:256,1
DA:257,1
DA:258,1
DA:259,1
DA:260,1
DA:261,1
DA:262,1
DA:263,1
DA:264,1
DA:265,1
DA:266,1
DA:267,1
DA:268,1
DA:272,3
DA:273,1
DA:274,1
DA:275,1
DA:276,1
DA:279,1
DA:280,1
DA:281,1
DA:284,1
DA:285,1
DA:286,1
DA:289,1
DA:290,1
DA:291,1
DA:293,1
DA:294,1
DA:295,1
DA:297,1
DA:298,1
DA:299,1
DA:303,3
DA:306,2
DA:307,1
DA:308,1
DA:309,1
DA:310,1
DA:311,1
DA:312,1
DA:313,1
DA:314,1
DA:317,1
DA:318,1
DA:320,1
DA:321,1
DA:322,1
DA:324,1
DA:325,1
DA:326,1
DA:327,1
LF:201
LH:201
end_of_record
TN:
SF:/home/phtrivier/perso/prj/wirth/risc/src/instructions.rs
FN:61,encode
FN:71,encode_register
FN:78,encode_register_im
FN:93,encode_memory
FN:106,encode_branch
FN:115,encode_branch_offset
FN:124,parse
FN:141,parse_register
FN:160,parse_op_code
FN:179,parse_memory
FN:190,parse_branch
FN:198,parse_branch_offset
FN:211,parse_cond
FN:240,{{closure}}
FN:246,{{closure}}
FN:268,{{closure}}
FN:281,{{closure}}
FN:293,{{closure}}
FN:305,{{closure}}
FN:338,assert_both
FN:343,assert_encoded
FN:348,assert_parsed
FNF:22
FNDA:4,encode
FNDA:2,encode_register
FNDA:4,encode_register_im
FNDA:2,encode_memory
FNDA:2,encode_branch
FNDA:2,encode_branch_offset
FNDA:4,parse
FNDA:4,parse_register
FNDA:4,parse_op_code
FNDA:2,parse_memory
FNDA:3,parse_branch
FNDA:2,parse_branch_offset
FNDA:2,parse_cond
FNDA:3,{{closure}}
FNDA:3,{{closure}}
FNDA:3,{{closure}}
FNDA:3,{{closure}}
FNDA:3,{{closure}}
FNDA:3,{{closure}}
FNDA:5,assert_both
FNDA:5,assert_encoded
FNDA:3,assert_parsed
DA:61,4
DA:62,0
DA:63,6
DA:64,4
DA:65,2
DA:66,2
DA:67,2
DA:71,2
DA:73,2
DA:78,4
DA:79,4
DA:80,5
DA:81,1
DA:85,20
DA:86,4
DA:87,4
DA:88,4
DA:89,4
DA:90,4
DA:93,2
DA:94,2
DA:95,5
DA:96,2
DA:99,12
DA:100,3
DA:101,3
DA:102,3
DA:103,3
DA:106,2
DA:107,2
DA:108,3
DA:109,1
DA:112,2
DA:115,2
DA:116,2
DA:117,2
DA:118,0
DA:121,2
DA:124,4
DA:130,4
DA:131,4
DA:132,2
DA:133,2
DA:134,2
DA:135,3
DA:137,2
DA:141,4
DA:142,4
DA:143,4
DA:144,4
DA:146,4
DA:147,4
DA:149,4
DA:150,4
DA:151,2
DA:152,4
DA:153,4
DA:155,1
DA:156,1
DA:160,4
DA:161,12
DA:162,8
DA:163,1
DA:164,0
DA:165,0
DA:166,1
DA:167,0
DA:168,0
DA:169,0
DA:170,2
DA:171,2
DA:172,1
DA:173,1
DA:174,1
DA:175,0
DA:179,2
DA:180,2
DA:181,2
DA:182,2
DA:183,3
DA:184,5
DA:185,2
DA:187,3
DA:190,3
DA:191,3
DA:192,3
DA:193,3
DA:194,3
DA:195,3
DA:198,2
DA:199,2
DA:200,2
DA:202,2
DA:203,5
DA:204,3
DA:207,2
DA:208,4
DA:211,2
DA:212,8
DA:213,2
DA:214,2
DA:218,0
DA:219,1
DA:220,3
DA:221,2
DA:222,0
DA:226,0
DA:227,0
DA:228,0
DA:229,0
DA:240,3
DA:241,1
DA:242,1
DA:246,3
DA:248,1
DA:257,1
DA:268,3
DA:270,1
DA:281,3
DA:283,1
DA:293,3
DA:295,1
DA:305,3
DA:307,1
DA:318,1
DA:323,1
DA:324,1
DA:325,1
DA:327,1
DA:328,1
DA:329,1
DA:331,1
DA:332,1
DA:333,1
DA:335,1
DA:338,5
DA:339,5
DA:340,2
DA:343,5
DA:344,5
DA:345,2
DA:348,3
DA:349,4
DA:350,1
LF:144
LH:130
end_of_record
TN:
SF:/home/phtrivier/perso/prj/wirth/risc/src/lib.rs
FN:6,run
FNF:1
FNDA:0,run
DA:6,0
DA:7,0
DA:8,0
LF:3
LH:0
end_of_record
TN:
SF:/home/phtrivier/perso/prj/wirth/uc-compiler/src/ast.rs
FN:20,ident
FN:28,constant
FN:46,get_node
FN:53,get_child
FN:60,get_child_node
FNF:5
FNDA:3,ident
FNDA:4,constant
FNDA:1,get_node
FNDA:1,get_child
FNDA:0,get_child_node
DA:20,3
DA:22,3
DA:23,3
DA:24,3
DA:28,4
DA:30,4
DA:31,4
DA:32,4
DA:46,1
DA:47,1
DA:48,2
DA:49,0
DA:53,1
DA:54,1
DA:55,2
DA:56,0
DA:60,0
DA:61,0
DA:62,0
DA:63,0
DA:65,0
DA:69,1
DA:70,1
DA:71,2
DA:72,0
DA:76,0
DA:77,0
DA:78,0
DA:79,0
DA:81,0
LF:30
LH:17
end_of_record
TN:
SF:/home/phtrivier/perso/prj/wirth/uc-compiler/src/line_scanner.rs
FN:173,assert_scans_all
FN:180,assert_scans
FN:190,assert_scans_error
FN:200,assert_done
FN:205,test_builds_nothing_in_empty_content
FN:211,test_scanner_ignore_whitespaces
FN:219,test_returns_error_on_non_ascii_chars_and_newlines
FN:228,test_scans_identifier
FN:243,test_scans_assignements
FN:261,test_scans_assignment_to_ident
FNF:10
FNDA:2,assert_scans_all
FNDA:2,assert_scans
FNDA:1,assert_scans_error
FNDA:1,assert_done
FNDA:3,test_builds_nothing_in_empty_content
FNDA:3,test_scanner_ignore_whitespaces
FNDA:3,test_returns_error_on_non_ascii_chars_and_newlines
FNDA:3,test_scans_identifier
FNDA:3,test_scans_assignements
FNDA:3,test_scans_assignment_to_ident
DA:16,3
DA:20,5
DA:24,3
DA:25,3
DA:26,3
DA:27,0
DA:31,4
DA:32,4
DA:33,4
DA:36,7
DA:37,7
DA:38,7
DA:39,7
DA:43,1
DA:44,1
DA:45,1
DA:46,0
DA:50,2
DA:51,2
DA:52,2
DA:55,1
DA:56,0
DA:57,2
DA:58,4
DA:59,2
DA:60,2
DA:61,0
DA:63,0
DA:66,1
DA:69,1
DA:72,5
DA:73,5
DA:74,5
DA:75,5
DA:76,10
DA:77,5
DA:78,5
DA:79,5
DA:81,0
DA:84,2
DA:87,5
DA:90,3
DA:91,3
DA:92,0
DA:93,3
DA:94,6
DA:95,6
DA:96,3
DA:97,3
DA:98,0
DA:101,0
DA:104,2
DA:107,2
DA:110,4
DA:111,4
DA:112,4
DA:113,0
DA:114,4
DA:115,8
DA:116,4
DA:117,4
DA:119,0
DA:122,0
DA:123,0
DA:125,0
DA:135,3
DA:136,0
DA:137,3
DA:138,0
DA:139,6
DA:140,1
DA:142,3
DA:143,1
DA:144,1
DA:146,3
DA:147,1
DA:148,1
DA:150,10
DA:151,3
DA:153,5
DA:154,4
DA:156,2
DA:157,1
DA:158,1
DA:160,5
DA:161,5
DA:163,2
DA:173,2
DA:174,5
DA:175,2
DA:177,1
DA:180,2
DA:181,3
DA:182,3
DA:183,3
DA:184,3
DA:186,3
DA:190,1
DA:191,1
DA:192,1
DA:193,1
DA:196,1
DA:200,1
DA:201,1
DA:205,3
DA:206,1
DA:207,1
DA:211,3
DA:212,1
DA:213,1
DA:214,1
DA:215,1
DA:219,3
DA:220,1
DA:221,1
DA:222,1
DA:223,1
DA:228,3
DA:229,1
DA:230,1
DA:234,2
DA:235,1
DA:236,1
DA:237,1
DA:243,3
DA:244,1
DA:245,1
DA:248,2
DA:249,1
DA:250,1
DA:251,1
DA:252,1
DA:253,1
DA:254,1
DA:255,1
DA:261,3
DA:262,1
DA:265,2
DA:266,1
DA:267,1
DA:268,1
LF:141
LH:125
end_of_record
TN:
SF:/home/phtrivier/perso/prj/wirth/uc-compiler/src/parser.rs
FN:120,scope
FN:128,parse_statement
FN:135,fails_on_premature_eof
FN:144,fails_on_scan_eof
FN:151,fails_parsing_statement_for_unknown_identifier
FN:159,can_parse_statement
FN:176,parse_statement_sequence
FN:183,can_parse_statement_sequence
FNF:8
FNDA:2,scope
FNDA:1,parse_statement
FNDA:3,fails_on_premature_eof
FNDA:3,fails_on_scan_eof
FNDA:3,fails_parsing_statement_for_unknown_identifier
FNDA:3,can_parse_statement
FNDA:1,parse_statement_sequence
FNDA:3,can_parse_statement_sequence
DA:22,4
DA:26,3
DA:28,3
DA:29,3
DA:30,5
DA:31,4
DA:32,2
DA:33,2
DA:34,2
DA:37,2
DA:38,2
DA:39,2
DA:40,2
DA:46,3
DA:47,3
DA:48,0
DA:49,8
DA:50,4
DA:51,0
DA:53,4
DA:54,8
DA:56,4
DA:57,0
DA:58,4
DA:59,4
DA:60,0
DA:62,8
DA:64,0
DA:66,0
DA:70,5
DA:72,4
DA:74,8
DA:75,4
DA:76,4
DA:77,4
DA:82,4
DA:84,4
DA:85,7
DA:86,4
DA:87,0
DA:88,4
DA:91,4
DA:92,2
DA:93,0
DA:94,2
DA:95,4
DA:98,0
DA:101,4
DA:102,4
DA:103,1
DA:104,8
DA:105,1
DA:109,4
DA:110,6
DA:120,2
DA:121,2
DA:122,4
DA:123,2
DA:128,1
DA:129,1
DA:130,1
DA:131,1
DA:135,3
DA:136,1
DA:137,2
DA:138,1
DA:139,1
DA:144,3
DA:145,1
DA:146,1
DA:147,1
DA:151,3
DA:152,1
DA:154,1
DA:155,1
DA:159,3
DA:160,1
DA:161,1
DA:162,1
DA:164,1
DA:166,1
DA:167,1
DA:169,1
DA:170,1
DA:172,1
DA:173,1
DA:176,1
DA:177,1
DA:178,1
DA:179,1
DA:183,3
DA:184,1
DA:185,1
DA:186,1
DA:188,1
DA:189,1
DA:190,1
DA:192,1
DA:193,1
DA:195,1
DA:196,1
DA:198,1
DA:199,1
LF:103
LH:94
end_of_record
TN:
SF:/home/phtrivier/perso/prj/wirth/uc-compiler/src/scanner.rs
FN:13,new
FN:64,{{closure}}
FN:71,test_scan_tokens_on_multiple_lines
FNF:3
FNDA:4,new
FNDA:3,{{closure}}
FNDA:3,test_scan_tokens_on_multiple_lines
DA:13,4
DA:14,4
DA:15,4
DA:16,8
DA:17,4
DA:18,0
DA:19,4
DA:20,4
DA:23,0
DA:24,1
DA:25,0
DA:26,1
DA:27,1
DA:37,4
DA:38,0
DA:39,4
DA:40,8
DA:41,4
DA:43,2
DA:44,3
DA:45,1
DA:46,1
DA:47,1
DA:49,0
DA:50,2
DA:64,3
DA:65,1
DA:66,1
DA:67,1
DA:71,3
DA:72,1
DA:73,1
DA:74,1
DA:75,1
DA:76,1
DA:80,1
DA:82,1
DA:84,1
DA:85,1
DA:86,1
DA:90,1
DA:92,1
DA:94,1
LF:43
LH:38
end_of_record
TN:
SF:/home/phtrivier/perso/prj/wirth/uc-compiler/src/scope.rs
FN:49,{{closure}}
FN:55,can_find_symbol
FN:62,{{closure}}
FNF:3
FNDA:3,{{closure}}
FNDA:3,can_find_symbol
FNDA:3,{{closure}}
DA:14,3
DA:16,3
DA:22,3
DA:24,4
DA:25,5
DA:27,5
DA:28,5
DA:31,3
DA:32,6
DA:33,3
DA:34,3
DA:37,1
DA:49,3
DA:50,1
DA:51,1
DA:55,3
DA:56,1
DA:57,1
DA:58,1
DA:62,3
DA:63,1
DA:64,1
DA:65,1
DA:66,1
DA:67,1
LF:25
LH:25
end_of_record
